[2018-02-19 11:37:01] main.CRITICAL: Accord\Integration\Api\Request\RequestException: cart is empty in /var/www/hosts/cheese/vendor/accord/magento2/Integration/Api/Request/CalculateCart.php:23
Stack trace:
#0 /var/www/hosts/cheese/vendor/accord/magento2/Integration/Api/Request/CalculateCartObject.php(60): Accord\Integration\Api\Request\CalculateCart->convert(Array)
#1 /var/www/hosts/cheese/vendor/accord/magento2/Integration/Api/Request/Request.php(28): Accord\Integration\Api\Request\CalculateCartObject->convert(Array)
#2 /var/www/hosts/cheese/vendor/accord/magento2/Integration/Helper/CalculateCart.php(65): Accord\Integration\Api\Request\Request->setData(Array)
#3 /var/www/hosts/cheese/vendor/accord/magento2/General/Helper/Checkout/CalculateCartManager.php(65): Accord\Integration\Helper\CalculateCart->calculateCartForSelectedCustomer(Object(Magento\Quote\Model\Quote\Interceptor))
#4 /var/www/hosts/cheese/vendor/accord/magento2/Quote/Observer/CheckoutCartSaveAfterObserver.php(43): Accord\General\Helper\Checkout\CalculateCartManager->getShoppingCartInformation(Object(Magento\Quote\Model\Quote\Interceptor))
#5 /var/www/hosts/cheese/vendor/magento/framework/Event/Invoker/InvokerDefault.php(73): Accord\Quote\Observer\CheckoutCartSaveAfterObserver->execute(Object(Magento\Framework\Event\Observer))
#6 /var/www/hosts/cheese/vendor/magento/framework/Event/Invoker/InvokerDefault.php(61): Magento\Framework\Event\Invoker\InvokerDefault->_callObserverMethod(Object(Accord\Quote\Observer\CheckoutCartSaveAfterObserver), Object(Magento\Framework\Event\Observer))
#7 /var/www/hosts/cheese/vendor/magento/framework/Event/Manager.php(66): Magento\Framework\Event\Invoker\InvokerDefault->dispatch(Array, Object(Magento\Framework\Event\Observer))
#8 /var/www/hosts/cheese/var/generation/Magento/Framework/Event/Manager/Proxy.php(95): Magento\Framework\Event\Manager->dispatch('checkout_cart_s...', Array)
#9 /var/www/hosts/cheese/vendor/magento/module-checkout/Model/Cart.php(570): Magento\Framework\Event\Manager\Proxy->dispatch('checkout_cart_s...', Array)
#10 /var/www/hosts/cheese/vendor/magento/framework/Interception/Interceptor.php(146): Magento\Checkout\Model\Cart->save()
#11 /var/www/hosts/cheese/var/generation/Accord/Checkout/Model/Cart/Interceptor.php(26): Accord\Checkout\Model\Cart\Interceptor->___callPlugins('save', Array, Array)
#12 /var/www/hosts/cheese/vendor/magento/module-checkout/Controller/Cart/Delete.php(25): Accord\Checkout\Model\Cart\Interceptor->save()
#13 /var/www/hosts/cheese/vendor/magento/framework/App/Action/Action.php(102): Magento\Checkout\Controller\Cart\Delete->execute()
#14 /var/www/hosts/cheese/vendor/magento/framework/Interception/Interceptor.php(74): Magento\Framework\App\Action\Action->dispatch(Object(Magento\Framework\App\Request\Http))
#15 /var/www/hosts/cheese/vendor/magento/framework/Interception/Chain/Chain.php(70): Magento\Checkout\Controller\Cart\Delete\Interceptor->___callParent('dispatch', Array)
#16 /var/www/hosts/cheese/vendor/magento/framework/Interception/Chain/Chain.php(63): Magento\Framework\Interception\Chain\Chain->invokeNext('Magento\\Checkou...', 'dispatch', Object(Magento\Checkout\Controller\Cart\Delete\Interceptor), Array, 'contextPlugin')
#17 /var/www/hosts/cheese/vendor/magento/module-store/App/Action/Plugin/Context.php(106): Magento\Framework\Interception\Chain\Chain->Magento\Framework\Interception\Chain\{closure}(Object(Magento\Framework\App\Request\Http))
#18 /var/www/hosts/cheese/vendor/magento/framework/Interception/Chain/Chain.php(67): Magento\Store\App\Action\Plugin\Context->aroundDispatch(Object(Magento\Checkout\Controller\Cart\Delete\Interceptor), Object(Closure), Object(Magento\Framework\App\Request\Http))
#19 /var/www/hosts/cheese/vendor/magento/framework/Interception/Chain/Chain.php(63): Magento\Framework\Interception\Chain\Chain->invokeNext('Magento\\Checkou...', 'dispatch', Object(Magento\Checkout\Controller\Cart\Delete\Interceptor), Array, 'customer-app-ac...')
#20 /var/www/hosts/cheese/vendor/magento/module-customer/Model/App/Action/ContextPlugin.php(61): Magento\Framework\Interception\Chain\Chain->Magento\Framework\Interception\Chain\{closure}(Object(Magento\Framework\App\Request\Http))
#21 /var/www/hosts/cheese/vendor/magento/framework/Interception/Chain/Chain.php(67): Magento\Customer\Model\App\Action\ContextPlugin->aroundDispatch(Object(Magento\Checkout\Controller\Cart\Delete\Interceptor), Object(Closure), Object(Magento\Framework\App\Request\Http))
#22 /var/www/hosts/cheese/vendor/magento/framework/Interception/Chain/Chain.php(63): Magento\Framework\Interception\Chain\Chain->invokeNext('Magento\\Checkou...', 'dispatch', Object(Magento\Checkout\Controller\Cart\Delete\Interceptor), Array, 'storeCheck')
#23 /var/www/hosts/cheese/vendor/magento/module-store/App/Action/Plugin/StoreCheck.php(44): Magento\Framework\Interception\Chain\Chain->Magento\Framework\Interception\Chain\{closure}(Object(Magento\Framework\App\Request\Http))
#24 /var/www/hosts/cheese/vendor/magento/framework/Interception/Chain/Chain.php(67): Magento\Store\App\Action\Plugin\StoreCheck->aroundDispatch(Object(Magento\Checkout\Controller\Cart\Delete\Interceptor), Object(Closure), Object(Magento\Framework\App\Request\Http))
#25 /var/www/hosts/cheese/vendor/magento/framework/Interception/Chain/Chain.php(63): Magento\Framework\Interception\Chain\Chain->invokeNext('Magento\\Checkou...', 'dispatch', Object(Magento\Checkout\Controller\Cart\Delete\Interceptor), Array, 'weee-app-action...')
#26 /var/www/hosts/cheese/vendor/magento/module-weee/Model/App/Action/ContextPlugin.php(112): Magento\Framework\Interception\Chain\Chain->Magento\Framework\Interception\Chain\{closure}(Object(Magento\Framework\App\Request\Http))
#27 /var/www/hosts/cheese/vendor/magento/framework/Interception/Chain/Chain.php(67): Magento\Weee\Model\App\Action\ContextPlugin->aroundDispatch(Object(Magento\Checkout\Controller\Cart\Delete\Interceptor), Object(Closure), Object(Magento\Framework\App\Request\Http))
#28 /var/www/hosts/cheese/vendor/magento/framework/Interception/Interceptor.php(138): Magento\Framework\Interception\Chain\Chain->invokeNext('Magento\\Checkou...', 'dispatch', Object(Magento\Checkout\Controller\Cart\Delete\Interceptor), Array, 'tax-app-action-...')
#29 /var/www/hosts/cheese/vendor/magento/module-tax/Model/App/Action/ContextPlugin.php(91): Magento\Checkout\Controller\Cart\Delete\Interceptor->Magento\Framework\Interception\{closure}(Object(Magento\Framework\App\Request\Http))
#30 /var/www/hosts/cheese/vendor/magento/framework/Interception/Interceptor.php(142): Magento\Tax\Model\App\Action\ContextPlugin->aroundDispatch(Object(Magento\Checkout\Controller\Cart\Delete\Interceptor), Object(Closure), Object(Magento\Framework\App\Request\Http))
#31 /var/www/hosts/cheese/var/generation/Magento/Checkout/Controller/Cart/Delete/Interceptor.php(26): Magento\Checkout\Controller\Cart\Delete\Interceptor->___callPlugins('dispatch', Array, Array)
#32 /var/www/hosts/cheese/vendor/magento/framework/App/FrontController.php(55): Magento\Checkout\Controller\Cart\Delete\Interceptor->dispatch(Object(Magento\Framework\App\Request\Http))
#33 /var/www/hosts/cheese/vendor/magento/framework/Interception/Interceptor.php(74): Magento\Framework\App\FrontController->dispatch(Object(Magento\Framework\App\Request\Http))
#34 /var/www/hosts/cheese/vendor/magento/framework/Interception/Chain/Chain.php(70): Magento\Framework\App\FrontController\Interceptor->___callParent('dispatch', Array)
#35 /var/www/hosts/cheese/vendor/magento/framework/Interception/Chain/Chain.php(63): Magento\Framework\Interception\Chain\Chain->invokeNext('Magento\\Framewo...', 'dispatch', Object(Magento\Framework\App\FrontController\Interceptor), Array, 'requestPreproce...')
#36 /var/www/hosts/cheese/vendor/magento/module-store/App/FrontController/Plugin/RequestPreprocessor.php(94): Magento\Framework\Interception\Chain\Chain->Magento\Framework\Interception\Chain\{closure}(Object(Magento\Framework\App\Request\Http))
#37 /var/www/hosts/cheese/vendor/magento/framework/Interception/Chain/Chain.php(67): Magento\Store\App\FrontController\Plugin\RequestPreprocessor->aroundDispatch(Object(Magento\Framework\App\FrontController\Interceptor), Object(Closure), Object(Magento\Framework\App\Request\Http))
#38 /var/www/hosts/cheese/vendor/magento/framework/Interception/Chain/Chain.php(63): Magento\Framework\Interception\Chain\Chain->invokeNext('Magento\\Framewo...', 'dispatch', Object(Magento\Framework\App\FrontController\Interceptor), Array, 'install')
#39 /var/www/hosts/cheese/vendor/magento/framework/Module/Plugin/DbStatusValidator.php(69): Magento\Framework\Interception\Chain\Chain->Magento\Framework\Interception\Chain\{closure}(Object(Magento\Framework\App\Request\Http))
#40 /var/www/hosts/cheese/vendor/magento/framework/Interception/Chain/Chain.php(67): Magento\Framework\Module\Plugin\DbStatusValidator->aroundDispatch(Object(Magento\Framework\App\FrontController\Interceptor), Object(Closure), Object(Magento\Framework\App\Request\Http))
#41 /var/www/hosts/cheese/vendor/magento/framework/Interception/Chain/Chain.php(63): Magento\Framework\Interception\Chain\Chain->invokeNext('Magento\\Framewo...', 'dispatch', Object(Magento\Framework\App\FrontController\Interceptor), Array, 'front-controlle...')
#42 /var/www/hosts/cheese/vendor/magento/module-page-cache/Model/App/FrontController/VarnishPlugin.php(55): Magento\Framework\Interception\Chain\Chain->Magento\Framework\Interception\Chain\{closure}(Object(Magento\Framework\App\Request\Http))
#43 /var/www/hosts/cheese/vendor/magento/framework/Interception/Chain/Chain.php(67): Magento\PageCache\Model\App\FrontController\VarnishPlugin->aroundDispatch(Object(Magento\Framework\App\FrontController\Interceptor), Object(Closure), Object(Magento\Framework\App\Request\Http))
#44 /var/www/hosts/cheese/vendor/magento/framework/Interception/Interceptor.php(138): Magento\Framework\Interception\Chain\Chain->invokeNext('Magento\\Framewo...', 'dispatch', Object(Magento\Framework\App\FrontController\Interceptor), Array, 'front-controlle...')
#45 /var/www/hosts/cheese/vendor/magento/module-page-cache/Model/App/FrontController/BuiltinPlugin.php(68): Magento\Framework\App\FrontController\Interceptor->Magento\Framework\Interception\{closure}(Object(Magento\Framework\App\Request\Http))
#46 /var/www/hosts/cheese/vendor/magento/framework/Interception/Interceptor.php(142): Magento\PageCache\Model\App\FrontController\BuiltinPlugin->aroundDispatch(Object(Magento\Framework\App\FrontController\Interceptor), Object(Closure), Object(Magento\Framework\App\Request\Http))
#47 /var/www/hosts/cheese/var/generation/Magento/Framework/App/FrontController/Interceptor.php(26): Magento\Framework\App\FrontController\Interceptor->___callPlugins('dispatch', Array, Array)
#48 /var/www/hosts/cheese/vendor/magento/framework/App/Http.php(135): Magento\Framework\App\FrontController\Interceptor->dispatch(Object(Magento\Framework\App\Request\Http))
#49 /var/www/hosts/cheese/vendor/magento/framework/App/Bootstrap.php(258): Magento\Framework\App\Http->launch()
#50 /var/www/hosts/cheese/pub/index.php(37): Magento\Framework\App\Bootstrap->run(Object(Magento\Framework\App\Http))
#51 {main} [] []
